2025-01-14 22:35:31 [INFO]: Server running on http://localhost:3000
2025-01-14 23:08:12 [INFO]: Server running on http://localhost:3000
2025-01-14 23:08:46 [INFO]: Fetched Pending Orders
2025-01-14 23:08:59 [INFO]: Fetched all Menu items
2025-01-14 23:09:04 [INFO]: Menu item updated successfully
2025-01-14 23:09:09 [INFO]: Fetched all Menu items
2025-01-14 23:09:15 [INFO]: Fetched all Orders other than processing
2025-01-14 23:15:58 [INFO]: Server running on http://localhost:3000
2025-01-14 23:16:57 [INFO]: Server running on http://localhost:3000
2025-01-14 23:16:59 [INFO]: FAISS vector store initialized successfully from the database
2025-01-14 23:17:10 [INFO]: Fetched all Orders other than processing
2025-01-14 23:17:12 [INFO]: Fetched all Menu items
2025-01-14 23:17:16 [INFO]: Menu item updated successfully
2025-01-14 23:17:19 [INFO]: Fetched all Menu items
2025-01-14 23:17:20 [INFO]: Fetched Pending Orders
2025-01-14 23:17:26 [INFO]: Fetched all Menu items
2025-01-14 23:17:27 [INFO]: Fetched all Orders other than processing
2025-01-14 23:17:28 [INFO]: Fetched Pending Orders
2025-01-14 23:19:35 [INFO]: Server running on http://localhost:3000
2025-01-14 23:19:36 [INFO]: FAISS vector store initialized successfully from the database
2025-01-14 23:23:53 [INFO]: Server running on http://localhost:3000
2025-01-14 23:23:55 [INFO]: FAISS vector store initialized successfully from the database
2025-01-14 23:24:41 [INFO]: Server running on http://localhost:3000
2025-01-14 23:24:43 [INFO]: FAISS vector store initialized successfully from the database
2025-01-14 23:26:36 [INFO]: Server running on http://localhost:3000
2025-01-14 23:26:38 [INFO]: FAISS vector store initialized successfully from the database
2025-01-15 11:19:31 [INFO]: Server running on http://localhost:3000
2025-01-15 11:19:33 [INFO]: FAISS vector store initialized successfully from the database
2025-01-15 11:19:59 [INFO]: Fetched all Menu items
2025-01-15 11:20:07 [INFO]: Fetched Pending Orders
2025-01-15 11:22:13 [INFO]: Server running on http://localhost:3000
2025-01-15 11:22:15 [INFO]: FAISS vector store initialized successfully from the database
2025-01-15 11:22:22 [INFO]: Fetched Pending Orders
2025-01-15 11:25:38 [INFO]: Server running on http://localhost:3000
2025-01-15 11:25:40 [INFO]: FAISS vector store initialized successfully from the database
2025-01-15 11:25:40 [INFO]: Fetched Pending Orders
2025-01-15 11:25:42 [INFO]: Fetched Pending Orders
2025-01-15 12:19:19 [INFO]: Fetched Pending Orders
2025-01-15 14:17:50 [INFO]: Server running on http://localhost:3000
2025-01-15 14:17:52 [INFO]: FAISS vector store initialized successfully from the database
2025-01-15 14:18:06 [INFO]: Fetched all Menu items
2025-01-15 15:24:23 [INFO]: Server running on http://localhost:3000
2025-01-15 15:24:25 [INFO]: FAISS vector store initialized successfully from the database
2025-01-15 15:24:33 [INFO]: Fetched all Menu items
2025-01-15 15:24:35 [INFO]: Fetched all Menu items
2025-01-15 15:26:18 [INFO]: Fetched all Menu items
2025-01-15 15:26:28 [INFO]: Fetched all Menu items
2025-01-15 15:26:32 [INFO]: Fetched all Menu items
2025-01-15 15:27:00 [INFO]: Fetched all Menu items
2025-01-15 15:31:00 [INFO]: Fetched all Menu items
2025-01-15 15:33:32 [INFO]: Fetched all Menu items
2025-01-15 15:34:07 [INFO]: Fetched all Menu items
2025-01-15 15:34:41 [INFO]: Fetched all Menu items
2025-01-15 15:34:45 [INFO]: Fetched all Menu items
2025-01-15 15:34:56 [INFO]: Fetched all Menu items
2025-01-15 15:35:04 [INFO]: Fetched all Menu items
2025-01-15 15:35:06 [INFO]: Fetched all Menu items
2025-01-15 15:35:08 [INFO]: Fetched all Menu items
2025-01-15 15:35:08 [INFO]: Fetched all Menu items
2025-01-15 15:35:45 [INFO]: Fetched all Menu items
2025-01-15 15:35:48 [INFO]: Fetched all Menu items
2025-01-15 15:35:50 [INFO]: Fetched all Menu items
2025-01-15 15:36:09 [INFO]: Fetched all Menu items
2025-01-15 15:36:18 [INFO]: Fetched all Menu items
2025-01-15 15:36:25 [INFO]: Fetched all Menu items
2025-01-15 15:38:21 [INFO]: Fetched all Menu items
2025-01-15 15:38:35 [INFO]: Fetched all Menu items
2025-01-15 15:38:50 [INFO]: Fetched all Menu items
2025-01-15 16:57:43 [INFO]: Logged in with valid Admin credentials
2025-01-15 16:57:43 [INFO]: Fetched Pending Orders
2025-01-15 17:07:31 [INFO]: Fetched all Menu items
2025-01-15 17:15:19 [INFO]: Fetched all Orders other than processing
2025-01-15 17:19:06 [INFO]: Fetched Pending Orders
2025-01-15 17:33:54 [INFO]: Fetched Pending Orders
2025-01-15 18:28:28 [INFO]: Server running on http://localhost:3000
2025-01-15 18:28:29 [INFO]: FAISS vector store initialized successfully from the database
2025-01-15 18:28:59 [INFO]: Fetched all Menu items
2025-01-15 18:30:03 [INFO]: Fetched all Menu items
2025-01-15 18:30:06 [INFO]: Fetched all Menu items
2025-01-15 18:30:08 [INFO]: Fetched all Menu items
2025-01-15 18:31:05 [INFO]: Fetched all Menu items
2025-01-15 18:31:18 [INFO]: Fetched all Menu items
2025-01-15 18:31:28 [INFO]: Fetched all Menu items
2025-01-15 18:32:10 [INFO]: Fetched all Menu items
2025-01-15 18:34:19 [INFO]: Fetched all Menu items
2025-01-15 18:34:43 [INFO]: Fetched all Menu items
2025-01-15 18:34:44 [INFO]: Fetched all Menu items
2025-01-15 18:35:31 [INFO]: Fetched all Menu items
2025-01-15 18:35:49 [INFO]: Fetched all Menu items
2025-01-15 18:35:55 [INFO]: Fetched all Menu items
2025-01-15 18:36:32 [INFO]: Fetched all Menu items
2025-01-15 18:36:35 [INFO]: Fetched all Menu items
2025-01-15 18:36:39 [INFO]: Fetched all Menu items
2025-01-15 18:37:38 [INFO]: Fetched all Menu items
2025-01-15 18:38:05 [INFO]: Fetched all Menu items
2025-01-15 18:38:22 [INFO]: Fetched all Menu items
2025-01-15 18:38:24 [INFO]: Fetched all Menu items
2025-01-15 18:38:25 [INFO]: Fetched all Menu items
2025-01-15 18:39:14 [INFO]: Fetched all Menu items
2025-01-15 18:40:22 [INFO]: Fetched all Menu items
2025-01-15 18:40:25 [INFO]: Fetched all Menu items
2025-01-15 18:40:57 [INFO]: Fetched all Menu items
2025-01-15 18:41:05 [INFO]: Fetched all Menu items
2025-01-15 18:41:17 [INFO]: Fetched all Menu items
2025-01-15 18:41:19 [INFO]: Fetched all Menu items
2025-01-15 18:46:54 [INFO]: Fetched all Menu items
2025-01-15 19:48:49 [INFO]: Fetched all Menu items
2025-01-15 19:50:25 [INFO]: Logged in with valid Admin credentials
2025-01-15 19:50:25 [INFO]: Fetched Pending Orders
2025-01-15 20:48:03 [INFO]: Server running on http://localhost:3000
2025-01-15 20:48:05 [INFO]: FAISS vector store initialized successfully from the database
2025-01-15 20:48:49 [INFO]: Fetched Pending Orders
2025-01-15 20:48:53 [INFO]: Fetched Pending Orders
2025-01-15 20:48:57 [INFO]: Fetched Pending Orders
2025-01-15 20:49:04 [INFO]: Fetched Pending Orders
2025-01-15 20:49:08 [INFO]: Fetched Pending Orders
2025-01-15 20:49:12 [INFO]: Fetched Pending Orders
2025-01-15 20:52:20 [INFO]: Logged in with valid Customer credentials
2025-01-15 20:52:20 [INFO]: Fetched all Menu items
2025-01-15 20:53:27 [INFO]: Fetched all Menu items
2025-01-15 20:53:36 [INFO]: Fetched all Menu items
2025-01-15 20:58:19 [INFO]: Fetched all Menu items
2025-01-15 20:58:49 [INFO]: Fetched all Menu items
2025-01-15 21:02:24 [INFO]: Fetched all Menu items
2025-01-15 21:02:30 [INFO]: Fetched all Menu items
2025-01-15 21:02:36 [INFO]: Fetched all Menu items
2025-01-15 21:02:38 [INFO]: Fetched all Menu items
2025-01-15 21:02:41 [INFO]: Fetched all Menu items
2025-01-15 21:05:54 [INFO]: Fetched all Menu items
2025-01-15 21:06:45 [INFO]: Fetched all Menu items
2025-01-15 21:07:02 [INFO]: Fetched all Menu items
2025-01-15 21:07:03 [INFO]: Fetched all Menu items
2025-01-15 21:07:10 [INFO]: Fetched all Menu items
2025-01-15 21:07:14 [INFO]: Fetched all Menu items
2025-01-15 21:07:35 [INFO]: Fetched all Menu items
2025-01-15 21:07:37 [INFO]: Fetched all Menu items
2025-01-15 21:08:37 [INFO]: Fetched all Menu items
2025-01-15 21:09:24 [INFO]: Fetched all Menu items
2025-01-15 21:09:42 [INFO]: Fetched all Menu items
2025-01-15 21:09:46 [INFO]: Fetched all Menu items
2025-01-15 21:09:47 [INFO]: Fetched all Menu items
2025-01-15 21:10:04 [INFO]: Fetched all Menu items
2025-01-15 21:10:09 [INFO]: Fetched all Menu items
2025-01-15 21:10:17 [INFO]: Fetched all Menu items
2025-01-15 21:11:47 [INFO]: Fetched all Menu items
2025-01-15 21:13:44 [INFO]: Fetched all Menu items
2025-01-15 21:13:47 [INFO]: Fetched all Menu items
2025-01-15 21:13:50 [INFO]: Fetched all Menu items
2025-01-15 21:14:04 [INFO]: Fetched all Menu items
2025-01-15 21:16:57 [INFO]: Fetched all Menu items
2025-01-15 21:17:21 [INFO]: Fetched all Menu items
2025-01-15 21:17:24 [INFO]: Fetched all Menu items
2025-01-15 21:17:51 [INFO]: Fetched all Menu items
2025-02-06 23:34:55 [INFO]: Server running on http://localhost:3000
2025-02-06 23:35:05 [ERROR]: Error initializing FAISS vector store from database: connect ETIMEDOUT
